2026-03-24T09:54:31  INFO      main  Log session: /home/altairfc/ALTAIR_FC_V2/altairfc/logs/2026-03-24_09-54-31
2026-03-24T09:54:31  INFO      main  Wrote 18 flight settings to DataStore
2026-03-24T09:54:31  INFO      core.scheduler  Task photodiode is disabled in config, skipping registration
2026-03-24T09:54:31  INFO      main  Starting ALTAIR V2 flight computer
2026-03-24T09:54:31  INFO      core.scheduler  Starting 10 task(s)
2026-03-24T09:54:31  INFO      core.task_base  Task reaction_wheel started
2026-03-24T09:54:31  INFO      tasks.mavlink_task  MavlinkTask: connecting to /dev/serial/by-id/usb-Auterion_PX4_FMU_v6X.x_0-if00 @ 115200 baud
2026-03-24T09:54:31  INFO      core.task_base  Task mavlink started
2026-03-24T09:54:31  INFO      core.task_base  Task gps started
2026-03-24T09:54:31  INFO      tasks.rw_task  RWTask: VESC connected on /dev/serial/by-path/platform-fd500000.pcie-pci-0000:01:00.0-usb-0:1.4:1.0
2026-03-24T09:54:31  INFO      core.task_base  Task momentum_management started
2026-03-24T09:54:31  WARNING   tasks.mm_task  MMTask: waiting for VESC on /dev/serial/by-path/platform-fd500000.pcie-pci-0000:01:00.0-usb-0:1.3:1.0 ([Errno 2] could not open port /dev/serial/by-path/platform-fd500000.pcie-pci-0000:01:00.0-usb-0:1.3:1.0: [Errno 2] No such file or directory: '/dev/serial/by-path/platform-fd500000.pcie-pci-0000:01:00.0-usb-0:1.3:1.0') — retrying in 5s
2026-03-24T09:54:31  INFO      drivers.gps_driver  GpsDriver: opened /dev/i2c-1 (fd=6)
2026-03-24T09:54:31  INFO      core.task_base  Task sphere_pitch started
2026-03-24T09:54:31  INFO      tasks.gps_task  GpsTask: driver ready on /dev/i2c-1
2026-03-24T09:54:31  INFO      core.task_base  Task telemetry started
2026-03-24T09:54:31  ERROR     drivers.servo  Failed to connect to pigpio daemon — servo disabled
2026-03-24T09:54:31  INFO      tasks.command_receiver_task  CommandReceiverTask: ready (sharing transport with TelemetryTask)
2026-03-24T09:54:31  INFO      core.task_base  Task command_receiver started
2026-03-24T09:54:31  INFO      drivers.mcp23017  MCP23017: opened bus 1 address 0x24
2026-03-24T09:54:31  INFO      tasks.flight_stage_task  FlightStageTask: initializing — writing all event.* keys to 0
2026-03-24T09:54:31  INFO      core.task_base  Task flight_stage started
2026-03-24T09:54:31  INFO      core.task_base  Task power started
2026-03-24T09:54:31  INFO      tasks.datalogger_task  DataLoggerTask: logging to /home/altairfc/ALTAIR_FC_V2/altairfc/logs/2026-03-24_09-54-31
2026-03-24T09:54:31  INFO      drivers.ina3221_driver  INA3221Driver: opened /dev/i2c-1 (fd=11)
2026-03-24T09:54:31  INFO      telemetry.transport  SerialTransport opened /dev/ttyUSB0 @ 57600 baud
2026-03-24T09:54:31  INFO      core.task_base  Task datalogger started
2026-03-24T09:54:31  INFO      telemetry.telemetry_task  TelemetryTask: transport opened
2026-03-24T09:54:31  INFO      core.watchdog  Watchdog started (ping interval 15.0s)
2026-03-24T09:54:31  INFO      tasks.datalogger_task  DataLoggerTask: opened 12 CSV files
2026-03-24T09:54:32  INFO      tasks.mavlink_task  MavlinkTask: heartbeat received (system 1, component 0)
2026-03-24T09:54:32  INFO      tasks.mavlink_task  MavlinkTask: requested MSG_ID=30 at 50.0 Hz
2026-03-24T09:54:32  INFO      tasks.mavlink_task  MavlinkTask: requested MSG_ID=31 at 50.0 Hz
2026-03-24T09:54:32  INFO      tasks.mavlink_task  MavlinkTask: requested MSG_ID=24 at 5.0 Hz
2026-03-24T09:54:32  INFO      tasks.mavlink_task  MavlinkTask: requested MSG_ID=32 at 5.0 Hz
2026-03-24T09:54:32  INFO      tasks.mavlink_task  MavlinkTask: requested MSG_ID=29 at 5.0 Hz
2026-03-24T09:54:32  INFO      tasks.mavlink_task  MavlinkTask: requested MSG_ID=74 at 5.0 Hz
2026-03-24T09:54:36  WARNING   tasks.mm_task  MMTask: waiting for VESC on /dev/serial/by-path/platform-fd500000.pcie-pci-0000:01:00.0-usb-0:1.3:1.0 ([Errno 2] could not open port /dev/serial/by-path/platform-fd500000.pcie-pci-0000:01:00.0-usb-0:1.3:1.0: [Errno 2] No such file or directory: '/dev/serial/by-path/platform-fd500000.pcie-pci-0000:01:00.0-usb-0:1.3:1.0') — retrying in 5s
2026-05-07T22:01:12  WARNING   tasks.mm_task  MMTask: waiting for VESC on /dev/serial/by-path/platform-fd500000.pcie-pci-0000:01:00.0-usb-0:1.3:1.0 ([Errno 2] could not open port /dev/serial/by-path/platform-fd500000.pcie-pci-0000:01:00.0-usb-0:1.3:1.0: [Errno 2] No such file or directory: '/dev/serial/by-path/platform-fd500000.pcie-pci-0000:01:00.0-usb-0:1.3:1.0') — retrying in 5s
2026-05-07T22:01:17  WARNING   tasks.mm_task  MMTask: waiting for VESC on /dev/serial/by-path/platform-fd500000.pcie-pci-0000:01:00.0-usb-0:1.3:1.0 ([Errno 2] could not open port /dev/serial/by-path/platform-fd500000.pcie-pci-0000:01:00.0-usb-0:1.3:1.0: [Errno 2] No such file or directory: '/dev/serial/by-path/platform-fd500000.pcie-pci-0000:01:00.0-usb-0:1.3:1.0') — retrying in 5s
2026-05-07T22:01:22  WARNING   tasks.mm_task  MMTask: waiting for VESC on /dev/serial/by-path/platform-fd500000.pcie-pci-0000:01:00.0-usb-0:1.3:1.0 ([Errno 2] could not open port /dev/serial/by-path/platform-fd500000.pcie-pci-0000:01:00.0-usb-0:1.3:1.0: [Errno 2] No such file or directory: '/dev/serial/by-path/platform-fd500000.pcie-pci-0000:01:00.0-usb-0:1.3:1.0') — retrying in 5s
2026-05-07T22:01:27  WARNING   tasks.mm_task  MMTask: waiting for VESC on /dev/serial/by-path/platform-fd500000.pcie-pci-0000:01:00.0-usb-0:1.3:1.0 ([Errno 2] could not open port /dev/serial/by-path/platform-fd500000.pcie-pci-0000:01:00.0-usb-0:1.3:1.0: [Errno 2] No such file or directory: '/dev/serial/by-path/platform-fd500000.pcie-pci-0000:01:00.0-usb-0:1.3:1.0') — retrying in 5s
2026-05-07T22:01:32  WARNING   tasks.mm_task  MMTask: waiting for VESC on /dev/serial/by-path/platform-fd500000.pcie-pci-0000:01:00.0-usb-0:1.3:1.0 ([Errno 2] could not open port /dev/serial/by-path/platform-fd500000.pcie-pci-0000:01:00.0-usb-0:1.3:1.0: [Errno 2] No such file or directory: '/dev/serial/by-path/platform-fd500000.pcie-pci-0000:01:00.0-usb-0:1.3:1.0') — retrying in 5s
2026-05-07T22:01:37  WARNING   tasks.mm_task  MMTask: waiting for VESC on /dev/serial/by-path/platform-fd500000.pcie-pci-0000:01:00.0-usb-0:1.3:1.0 ([Errno 2] could not open port /dev/serial/by-path/platform-fd500000.pcie-pci-0000:01:00.0-usb-0:1.3:1.0: [Errno 2] No such file or directory: '/dev/serial/by-path/platform-fd500000.pcie-pci-0000:01:00.0-usb-0:1.3:1.0') — retrying in 5s
2026-05-07T22:01:42  WARNING   tasks.mm_task  MMTask: waiting for VESC on /dev/serial/by-path/platform-fd500000.pcie-pci-0000:01:00.0-usb-0:1.3:1.0 ([Errno 2] could not open port /dev/serial/by-path/platform-fd500000.pcie-pci-0000:01:00.0-usb-0:1.3:1.0: [Errno 2] No such file or directory: '/dev/serial/by-path/platform-fd500000.pcie-pci-0000:01:00.0-usb-0:1.3:1.0') — retrying in 5s
2026-05-07T22:01:47  WARNING   tasks.mm_task  MMTask: waiting for VESC on /dev/serial/by-path/platform-fd500000.pcie-pci-0000:01:00.0-usb-0:1.3:1.0 ([Errno 2] could not open port /dev/serial/by-path/platform-fd500000.pcie-pci-0000:01:00.0-usb-0:1.3:1.0: [Errno 2] No such file or directory: '/dev/serial/by-path/platform-fd500000.pcie-pci-0000:01:00.0-usb-0:1.3:1.0') — retrying in 5s
2026-05-07T22:01:52  WARNING   tasks.mm_task  MMTask: waiting for VESC on /dev/serial/by-path/platform-fd500000.pcie-pci-0000:01:00.0-usb-0:1.3:1.0 ([Errno 2] could not open port /dev/serial/by-path/platform-fd500000.pcie-pci-0000:01:00.0-usb-0:1.3:1.0: [Errno 2] No such file or directory: '/dev/serial/by-path/platform-fd500000.pcie-pci-0000:01:00.0-usb-0:1.3:1.0') — retrying in 5s
2026-05-07T22:01:57  WARNING   tasks.mm_task  MMTask: waiting for VESC on /dev/serial/by-path/platform-fd500000.pcie-pci-0000:01:00.0-usb-0:1.3:1.0 ([Errno 2] could not open port /dev/serial/by-path/platform-fd500000.pcie-pci-0000:01:00.0-usb-0:1.3:1.0: [Errno 2] No such file or directory: '/dev/serial/by-path/platform-fd500000.pcie-pci-0000:01:00.0-usb-0:1.3:1.0') — retrying in 5s
2026-05-07T22:02:02  WARNING   tasks.mm_task  MMTask: waiting for VESC on /dev/serial/by-path/platform-fd500000.pcie-pci-0000:01:00.0-usb-0:1.3:1.0 ([Errno 2] could not open port /dev/serial/by-path/platform-fd500000.pcie-pci-0000:01:00.0-usb-0:1.3:1.0: [Errno 2] No such file or directory: '/dev/serial/by-path/platform-fd500000.pcie-pci-0000:01:00.0-usb-0:1.3:1.0') — retrying in 5s
2026-05-07T22:02:07  WARNING   tasks.mm_task  MMTask: waiting for VESC on /dev/serial/by-path/platform-fd500000.pcie-pci-0000:01:00.0-usb-0:1.3:1.0 ([Errno 2] could not open port /dev/serial/by-path/platform-fd500000.pcie-pci-0000:01:00.0-usb-0:1.3:1.0: [Errno 2] No such file or directory: '/dev/serial/by-path/platform-fd500000.pcie-pci-0000:01:00.0-usb-0:1.3:1.0') — retrying in 5s
2026-05-07T22:02:12  WARNING   tasks.mm_task  MMTask: waiting for VESC on /dev/serial/by-path/platform-fd500000.pcie-pci-0000:01:00.0-usb-0:1.3:1.0 ([Errno 2] could not open port /dev/serial/by-path/platform-fd500000.pcie-pci-0000:01:00.0-usb-0:1.3:1.0: [Errno 2] No such file or directory: '/dev/serial/by-path/platform-fd500000.pcie-pci-0000:01:00.0-usb-0:1.3:1.0') — retrying in 5s
2026-05-07T22:02:17  WARNING   tasks.mm_task  MMTask: waiting for VESC on /dev/serial/by-path/platform-fd500000.pcie-pci-0000:01:00.0-usb-0:1.3:1.0 ([Errno 2] could not open port /dev/serial/by-path/platform-fd500000.pcie-pci-0000:01:00.0-usb-0:1.3:1.0: [Errno 2] No such file or directory: '/dev/serial/by-path/platform-fd500000.pcie-pci-0000:01:00.0-usb-0:1.3:1.0') — retrying in 5s
2026-05-07T22:02:22  WARNING   tasks.mm_task  MMTask: waiting for VESC on /dev/serial/by-path/platform-fd500000.pcie-pci-0000:01:00.0-usb-0:1.3:1.0 ([Errno 2] could not open port /dev/serial/by-path/platform-fd500000.pcie-pci-0000:01:00.0-usb-0:1.3:1.0: [Errno 2] No such file or directory: '/dev/serial/by-path/platform-fd500000.pcie-pci-0000:01:00.0-usb-0:1.3:1.0') — retrying in 5s
2026-05-07T22:02:27  WARNING   tasks.mm_task  MMTask: waiting for VESC on /dev/serial/by-path/platform-fd500000.pcie-pci-0000:01:00.0-usb-0:1.3:1.0 ([Errno 2] could not open port /dev/serial/by-path/platform-fd500000.pcie-pci-0000:01:00.0-usb-0:1.3:1.0: [Errno 2] No such file or directory: '/dev/serial/by-path/platform-fd500000.pcie-pci-0000:01:00.0-usb-0:1.3:1.0') — retrying in 5s
2026-05-07T22:02:32  WARNING   tasks.mm_task  MMTask: waiting for VESC on /dev/serial/by-path/platform-fd500000.pcie-pci-0000:01:00.0-usb-0:1.3:1.0 ([Errno 2] could not open port /dev/serial/by-path/platform-fd500000.pcie-pci-0000:01:00.0-usb-0:1.3:1.0: [Errno 2] No such file or directory: '/dev/serial/by-path/platform-fd500000.pcie-pci-0000:01:00.0-usb-0:1.3:1.0') — retrying in 5s
2026-05-07T22:02:37  WARNING   tasks.mm_task  MMTask: waiting for VESC on /dev/serial/by-path/platform-fd500000.pcie-pci-0000:01:00.0-usb-0:1.3:1.0 ([Errno 2] could not open port /dev/serial/by-path/platform-fd500000.pcie-pci-0000:01:00.0-usb-0:1.3:1.0: [Errno 2] No such file or directory: '/dev/serial/by-path/platform-fd500000.pcie-pci-0000:01:00.0-usb-0:1.3:1.0') — retrying in 5s
2026-05-07T22:02:42  WARNING   tasks.mm_task  MMTask: waiting for VESC on /dev/serial/by-path/platform-fd500000.pcie-pci-0000:01:00.0-usb-0:1.3:1.0 ([Errno 2] could not open port /dev/serial/by-path/platform-fd500000.pcie-pci-0000:01:00.0-usb-0:1.3:1.0: [Errno 2] No such file or directory: '/dev/serial/by-path/platform-fd500000.pcie-pci-0000:01:00.0-usb-0:1.3:1.0') — retrying in 5s
2026-05-07T22:02:47  WARNING   tasks.mm_task  MMTask: waiting for VESC on /dev/serial/by-path/platform-fd500000.pcie-pci-0000:01:00.0-usb-0:1.3:1.0 ([Errno 2] could not open port /dev/serial/by-path/platform-fd500000.pcie-pci-0000:01:00.0-usb-0:1.3:1.0: [Errno 2] No such file or directory: '/dev/serial/by-path/platform-fd500000.pcie-pci-0000:01:00.0-usb-0:1.3:1.0') — retrying in 5s
2026-05-07T22:02:52  WARNING   tasks.mm_task  MMTask: waiting for VESC on /dev/serial/by-path/platform-fd500000.pcie-pci-0000:01:00.0-usb-0:1.3:1.0 ([Errno 2] could not open port /dev/serial/by-path/platform-fd500000.pcie-pci-0000:01:00.0-usb-0:1.3:1.0: [Errno 2] No such file or directory: '/dev/serial/by-path/platform-fd500000.pcie-pci-0000:01:00.0-usb-0:1.3:1.0') — retrying in 5s
2026-05-07T22:02:57  WARNING   tasks.mm_task  MMTask: waiting for VESC on /dev/serial/by-path/platform-fd500000.pcie-pci-0000:01:00.0-usb-0:1.3:1.0 ([Errno 2] could not open port /dev/serial/by-path/platform-fd500000.pcie-pci-0000:01:00.0-usb-0:1.3:1.0: [Errno 2] No such file or directory: '/dev/serial/by-path/platform-fd500000.pcie-pci-0000:01:00.0-usb-0:1.3:1.0') — retrying in 5s
2026-05-07T22:03:02  WARNING   tasks.mm_task  MMTask: waiting for VESC on /dev/serial/by-path/platform-fd500000.pcie-pci-0000:01:00.0-usb-0:1.3:1.0 ([Errno 2] could not open port /dev/serial/by-path/platform-fd500000.pcie-pci-0000:01:00.0-usb-0:1.3:1.0: [Errno 2] No such file or directory: '/dev/serial/by-path/platform-fd500000.pcie-pci-0000:01:00.0-usb-0:1.3:1.0') — retrying in 5s
2026-05-07T22:03:07  WARNING   tasks.mm_task  MMTask: waiting for VESC on /dev/serial/by-path/platform-fd500000.pcie-pci-0000:01:00.0-usb-0:1.3:1.0 ([Errno 2] could not open port /dev/serial/by-path/platform-fd500000.pcie-pci-0000:01:00.0-usb-0:1.3:1.0: [Errno 2] No such file or directory: '/dev/serial/by-path/platform-fd500000.pcie-pci-0000:01:00.0-usb-0:1.3:1.0') — retrying in 5s
2026-05-07T22:03:12  WARNING   tasks.mm_task  MMTask: waiting for VESC on /dev/serial/by-path/platform-fd500000.pcie-pci-0000:01:00.0-usb-0:1.3:1.0 ([Errno 2] could not open port /dev/serial/by-path/platform-fd500000.pcie-pci-0000:01:00.0-usb-0:1.3:1.0: [Errno 2] No such file or directory: '/dev/serial/by-path/platform-fd500000.pcie-pci-0000:01:00.0-usb-0:1.3:1.0') — retrying in 5s
2026-05-07T22:03:17  WARNING   tasks.mm_task  MMTask: waiting for VESC on /dev/serial/by-path/platform-fd500000.pcie-pci-0000:01:00.0-usb-0:1.3:1.0 ([Errno 2] could not open port /dev/serial/by-path/platform-fd500000.pcie-pci-0000:01:00.0-usb-0:1.3:1.0: [Errno 2] No such file or directory: '/dev/serial/by-path/platform-fd500000.pcie-pci-0000:01:00.0-usb-0:1.3:1.0') — retrying in 5s
2026-05-07T22:03:22  WARNING   tasks.mm_task  MMTask: waiting for VESC on /dev/serial/by-path/platform-fd500000.pcie-pci-0000:01:00.0-usb-0:1.3:1.0 ([Errno 2] could not open port /dev/serial/by-path/platform-fd500000.pcie-pci-0000:01:00.0-usb-0:1.3:1.0: [Errno 2] No such file or directory: '/dev/serial/by-path/platform-fd500000.pcie-pci-0000:01:00.0-usb-0:1.3:1.0') — retrying in 5s
2026-05-07T22:03:27  WARNING   tasks.mm_task  MMTask: waiting for VESC on /dev/serial/by-path/platform-fd500000.pcie-pci-0000:01:00.0-usb-0:1.3:1.0 ([Errno 2] could not open port /dev/serial/by-path/platform-fd500000.pcie-pci-0000:01:00.0-usb-0:1.3:1.0: [Errno 2] No such file or directory: '/dev/serial/by-path/platform-fd500000.pcie-pci-0000:01:00.0-usb-0:1.3:1.0') — retrying in 5s
2026-05-07T22:03:32  WARNING   tasks.mm_task  MMTask: waiting for VESC on /dev/serial/by-path/platform-fd500000.pcie-pci-0000:01:00.0-usb-0:1.3:1.0 ([Errno 2] could not open port /dev/serial/by-path/platform-fd500000.pcie-pci-0000:01:00.0-usb-0:1.3:1.0: [Errno 2] No such file or directory: '/dev/serial/by-path/platform-fd500000.pcie-pci-0000:01:00.0-usb-0:1.3:1.0') — retrying in 5s
2026-05-07T22:03:37  WARNING   tasks.mm_task  MMTask: waiting for VESC on /dev/serial/by-path/platform-fd500000.pcie-pci-0000:01:00.0-usb-0:1.3:1.0 ([Errno 2] could not open port /dev/serial/by-path/platform-fd500000.pcie-pci-0000:01:00.0-usb-0:1.3:1.0: [Errno 2] No such file or directory: '/dev/serial/by-path/platform-fd500000.pcie-pci-0000:01:00.0-usb-0:1.3:1.0') — retrying in 5s
2026-05-07T22:03:42  WARNING   tasks.mm_task  MMTask: waiting for VESC on /dev/serial/by-path/platform-fd500000.pcie-pci-0000:01:00.0-usb-0:1.3:1.0 ([Errno 2] could not open port /dev/serial/by-path/platform-fd500000.pcie-pci-0000:01:00.0-usb-0:1.3:1.0: [Errno 2] No such file or directory: '/dev/serial/by-path/platform-fd500000.pcie-pci-0000:01:00.0-usb-0:1.3:1.0') — retrying in 5s
2026-05-07T22:03:47  WARNING   tasks.mm_task  MMTask: waiting for VESC on /dev/serial/by-path/platform-fd500000.pcie-pci-0000:01:00.0-usb-0:1.3:1.0 ([Errno 2] could not open port /dev/serial/by-path/platform-fd500000.pcie-pci-0000:01:00.0-usb-0:1.3:1.0: [Errno 2] No such file or directory: '/dev/serial/by-path/platform-fd500000.pcie-pci-0000:01:00.0-usb-0:1.3:1.0') — retrying in 5s
2026-05-07T22:03:52  WARNING   tasks.mm_task  MMTask: waiting for VESC on /dev/serial/by-path/platform-fd500000.pcie-pci-0000:01:00.0-usb-0:1.3:1.0 ([Errno 2] could not open port /dev/serial/by-path/platform-fd500000.pcie-pci-0000:01:00.0-usb-0:1.3:1.0: [Errno 2] No such file or directory: '/dev/serial/by-path/platform-fd500000.pcie-pci-0000:01:00.0-usb-0:1.3:1.0') — retrying in 5s
2026-05-07T22:03:57  WARNING   tasks.mm_task  MMTask: waiting for VESC on /dev/serial/by-path/platform-fd500000.pcie-pci-0000:01:00.0-usb-0:1.3:1.0 ([Errno 2] could not open port /dev/serial/by-path/platform-fd500000.pcie-pci-0000:01:00.0-usb-0:1.3:1.0: [Errno 2] No such file or directory: '/dev/serial/by-path/platform-fd500000.pcie-pci-0000:01:00.0-usb-0:1.3:1.0') — retrying in 5s
2026-05-07T22:04:02  WARNING   tasks.mm_task  MMTask: waiting for VESC on /dev/serial/by-path/platform-fd500000.pcie-pci-0000:01:00.0-usb-0:1.3:1.0 ([Errno 2] could not open port /dev/serial/by-path/platform-fd500000.pcie-pci-0000:01:00.0-usb-0:1.3:1.0: [Errno 2] No such file or directory: '/dev/serial/by-path/platform-fd500000.pcie-pci-0000:01:00.0-usb-0:1.3:1.0') — retrying in 5s
2026-05-07T22:04:07  WARNING   tasks.mm_task  MMTask: waiting for VESC on /dev/serial/by-path/platform-fd500000.pcie-pci-0000:01:00.0-usb-0:1.3:1.0 ([Errno 2] could not open port /dev/serial/by-path/platform-fd500000.pcie-pci-0000:01:00.0-usb-0:1.3:1.0: [Errno 2] No such file or directory: '/dev/serial/by-path/platform-fd500000.pcie-pci-0000:01:00.0-usb-0:1.3:1.0') — retrying in 5s
2026-05-07T22:04:12  WARNING   tasks.mm_task  MMTask: waiting for VESC on /dev/serial/by-path/platform-fd500000.pcie-pci-0000:01:00.0-usb-0:1.3:1.0 ([Errno 2] could not open port /dev/serial/by-path/platform-fd500000.pcie-pci-0000:01:00.0-usb-0:1.3:1.0: [Errno 2] No such file or directory: '/dev/serial/by-path/platform-fd500000.pcie-pci-0000:01:00.0-usb-0:1.3:1.0') — retrying in 5s
2026-05-07T22:04:17  WARNING   tasks.mm_task  MMTask: waiting for VESC on /dev/serial/by-path/platform-fd500000.pcie-pci-0000:01:00.0-usb-0:1.3:1.0 ([Errno 2] could not open port /dev/serial/by-path/platform-fd500000.pcie-pci-0000:01:00.0-usb-0:1.3:1.0: [Errno 2] No such file or directory: '/dev/serial/by-path/platform-fd500000.pcie-pci-0000:01:00.0-usb-0:1.3:1.0') — retrying in 5s
2026-05-07T22:04:22  WARNING   tasks.mm_task  MMTask: waiting for VESC on /dev/serial/by-path/platform-fd500000.pcie-pci-0000:01:00.0-usb-0:1.3:1.0 ([Errno 2] could not open port /dev/serial/by-path/platform-fd500000.pcie-pci-0000:01:00.0-usb-0:1.3:1.0: [Errno 2] No such file or directory: '/dev/serial/by-path/platform-fd500000.pcie-pci-0000:01:00.0-usb-0:1.3:1.0') — retrying in 5s
2026-05-07T22:04:27  WARNING   tasks.mm_task  MMTask: waiting for VESC on /dev/serial/by-path/platform-fd500000.pcie-pci-0000:01:00.0-usb-0:1.3:1.0 ([Errno 2] could not open port /dev/serial/by-path/platform-fd500000.pcie-pci-0000:01:00.0-usb-0:1.3:1.0: [Errno 2] No such file or directory: '/dev/serial/by-path/platform-fd500000.pcie-pci-0000:01:00.0-usb-0:1.3:1.0') — retrying in 5s
2026-05-07T22:04:32  WARNING   tasks.mm_task  MMTask: waiting for VESC on /dev/serial/by-path/platform-fd500000.pcie-pci-0000:01:00.0-usb-0:1.3:1.0 ([Errno 2] could not open port /dev/serial/by-path/platform-fd500000.pcie-pci-0000:01:00.0-usb-0:1.3:1.0: [Errno 2] No such file or directory: '/dev/serial/by-path/platform-fd500000.pcie-pci-0000:01:00.0-usb-0:1.3:1.0') — retrying in 5s
2026-05-07T22:04:37  WARNING   tasks.mm_task  MMTask: waiting for VESC on /dev/serial/by-path/platform-fd500000.pcie-pci-0000:01:00.0-usb-0:1.3:1.0 ([Errno 2] could not open port /dev/serial/by-path/platform-fd500000.pcie-pci-0000:01:00.0-usb-0:1.3:1.0: [Errno 2] No such file or directory: '/dev/serial/by-path/platform-fd500000.pcie-pci-0000:01:00.0-usb-0:1.3:1.0') — retrying in 5s
2026-05-07T22:04:39  INFO      core.lifecycle  Received SIGTERM — initiating graceful shutdown
2026-05-07T22:04:39  INFO      main  Shutdown event received — stopping all tasks
2026-05-07T22:04:39  INFO      core.watchdog  Watchdog stopped
2026-05-07T22:04:39  INFO      core.scheduler  Stopping all tasks
2026-05-07T22:04:39  INFO      tasks.datalogger_task  DataLoggerTask: all CSV files closed
2026-05-07T22:04:39  INFO      core.task_base  Task datalogger stopped
2026-05-07T22:04:39  INFO      core.task_base  Task power stopped
2026-05-07T22:04:39  INFO      core.task_base  Task flight_stage stopped
2026-05-07T22:04:39  INFO      core.task_base  Task command_receiver stopped
2026-05-07T22:04:39  INFO      telemetry.transport  SerialTransport closed
2026-05-07T22:04:39  INFO      telemetry.telemetry_task  TelemetryTask: transport closed
2026-05-07T22:04:39  INFO      core.task_base  Task telemetry stopped
2026-05-07T22:04:39  INFO      core.task_base  Task sphere_pitch stopped
2026-05-07T22:04:39  INFO      core.task_base  Task momentum_management stopped
2026-05-07T22:04:40  INFO      tasks.gps_task  GpsTask: driver closed
2026-05-07T22:04:40  INFO      core.task_base  Task gps stopped
2026-05-07T22:04:40  INFO      tasks.mavlink_task  MavlinkTask: connection closed
2026-05-07T22:04:40  INFO      core.task_base  Task mavlink stopped
2026-05-07T22:04:40  INFO      core.task_base  Task reaction_wheel stopped
2026-05-07T22:04:40  INFO      main  ALTAIR V2 shutdown complete
